<?xml version="1.0" encoding="UTF-8"?>
<!-- Generated by org.testng.reporters.JUnitXMLReporter -->
<testsuite ignored="0" hostname="IBM-PF3BSSR6" failures="0" tests="10" name="Surefire test" time="17.796" errors="0" timestamp="2023-12-18T13:10:19 IST">
  <testcase classname="api.test.DataProviderTest" name="testPostuser" time="3.584"/>
  <testcase classname="api.test.DataProviderTest" name="testPostuser" time="1.282"/>
  <testcase classname="api.test.DataProviderTest" name="testPostuser" time="1.342"/>
  <testcase classname="api.test.DataProviderTest" name="testDeleteUserByName" time="1.225"/>
  <testcase classname="api.test.DataProviderTest" name="testDeleteUserByName" time="1.199"/>
  <testcase classname="api.test.DataProviderTest" name="testDeleteUserByName" time="1.156"/>
  <testcase classname="api.test.UserTest" name="createuser" time="1.222"/>
  <testcase classname="api.test.UserTest" name="getuser" time="1.165"/>
  <testcase classname="api.test.UserTest" name="updateuser" time="2.444"/>
  <testcase classname="api.test.UserTest" name="deleteuser" time="1.156"/>
</testsuite> <!-- Surefire test -->
