<?xml version="1.0" encoding="UTF-8"?>
<!-- Generated by org.testng.reporters.JUnitXMLReporter -->
<testsuite ignored="0" hostname="IBM-PF3BSSR6" failures="0" tests="6" name="Default test" time="10.515" errors="0" timestamp="2023-12-15T18:44:52 IST">
  <testcase classname="api.test.DataProviderTest" name="testPostuser" time="2.69"/>
  <testcase classname="api.test.DataProviderTest" name="testPostuser" time="1.336"/>
  <testcase classname="api.test.DataProviderTest" name="testPostuser" time="1.209"/>
  <testcase classname="api.test.DataProviderTest" name="testDeleteUserByName" time="1.257"/>
  <testcase classname="api.test.DataProviderTest" name="testDeleteUserByName" time="1.244"/>
  <testcase classname="api.test.DataProviderTest" name="testDeleteUserByName" time="1.322"/>
</testsuite> <!-- Default test -->
