<?xml version="1.0" encoding="UTF-8"?>
<testng-results ignored="0" total="4" passed="4" failed="0" skipped="0">
  <reporter-output>
  </reporter-output>
  <suite started-at="2023-12-18T14:35:34 IST" name="PetSuite" finished-at="2023-12-18T14:35:42 IST" duration-ms="8105">
    <groups>
    </groups>
    <test started-at="2023-12-18T14:35:34 IST" name="PetTest" finished-at="2023-12-18T14:35:42 IST" duration-ms="8105">
      <class name="api.test.UserTestPropertyFile">
        <test-method is-config="true" signature="DataSetup()[pri:0, instance:api.test.UserTestPropertyFile@6743e411]" started-at="2023-12-18T14:35:34 IST" name="DataSetup" finished-at="2023-12-18T14:35:34 IST" duration-ms="180" status="PASS">
          <reporter-output>
          </reporter-output>
        </test-method> <!-- DataSetup -->
        <test-method signature="createuser()[pri:1, instance:api.test.UserTestPropertyFile@6743e411]" started-at="2023-12-18T14:35:34 IST" name="createuser" finished-at="2023-12-18T14:35:37 IST" duration-ms="3003" status="PASS">
          <reporter-output>
          </reporter-output>
        </test-method> <!-- createuser -->
        <test-method signature="getuser()[pri:2, instance:api.test.UserTestPropertyFile@6743e411]" started-at="2023-12-18T14:35:37 IST" name="getuser" finished-at="2023-12-18T14:35:39 IST" duration-ms="1208" status="PASS">
          <reporter-output>
          </reporter-output>
        </test-method> <!-- getuser -->
        <test-method signature="updateuser()[pri:3, instance:api.test.UserTestPropertyFile@6743e411]" started-at="2023-12-18T14:35:39 IST" name="updateuser" finished-at="2023-12-18T14:35:41 IST" duration-ms="2363" status="PASS">
          <reporter-output>
          </reporter-output>
        </test-method> <!-- updateuser -->
        <test-method signature="deleteuser()[pri:4, instance:api.test.UserTestPropertyFile@6743e411]" started-at="2023-12-18T14:35:41 IST" name="deleteuser" finished-at="2023-12-18T14:35:42 IST" duration-ms="1147" status="PASS">
          <reporter-output>
          </reporter-output>
        </test-method> <!-- deleteuser -->
      </class> <!-- api.test.UserTestPropertyFile -->
    </test> <!-- PetTest -->
  </suite> <!-- PetSuite -->
</testng-results>
