<?xml version="1.0" encoding="UTF-8"?>
<testng-results ignored="0" total="4" passed="4" failed="0" skipped="0">
  <reporter-output>
  </reporter-output>
  <suite started-at="2023-12-18T12:46:40 IST" name="PetSuite" finished-at="2023-12-18T12:46:51 IST" duration-ms="10958">
    <groups>
    </groups>
    <test started-at="2023-12-18T12:46:40 IST" name="PetTest" finished-at="2023-12-18T12:46:51 IST" duration-ms="10958">
      <class name="api.test.UserTestPropertyFile">
        <test-method is-config="true" signature="DataSetup()[pri:0, instance:api.test.UserTestPropertyFile@23f5b5dc]" started-at="2023-12-18T12:46:40 IST" name="DataSetup" finished-at="2023-12-18T12:46:41 IST" duration-ms="237" status="PASS">
          <reporter-output>
          </reporter-output>
        </test-method> <!-- DataSetup -->
        <test-method signature="createuser()[pri:1, instance:api.test.UserTestPropertyFile@23f5b5dc]" started-at="2023-12-18T12:46:41 IST" name="createuser" finished-at="2023-12-18T12:46:45 IST" duration-ms="4086" status="PASS">
          <reporter-output>
          </reporter-output>
        </test-method> <!-- createuser -->
        <test-method signature="getuser()[pri:2, instance:api.test.UserTestPropertyFile@23f5b5dc]" started-at="2023-12-18T12:46:45 IST" name="getuser" finished-at="2023-12-18T12:46:46 IST" duration-ms="1345" status="PASS">
          <reporter-output>
          </reporter-output>
        </test-method> <!-- getuser -->
        <test-method signature="updateuser()[pri:3, instance:api.test.UserTestPropertyFile@23f5b5dc]" started-at="2023-12-18T12:46:46 IST" name="updateuser" finished-at="2023-12-18T12:46:49 IST" duration-ms="2503" status="PASS">
          <reporter-output>
          </reporter-output>
        </test-method> <!-- updateuser -->
        <test-method signature="deleteuser()[pri:4, instance:api.test.UserTestPropertyFile@23f5b5dc]" started-at="2023-12-18T12:46:49 IST" name="deleteuser" finished-at="2023-12-18T12:46:51 IST" duration-ms="2315" status="PASS">
          <reporter-output>
          </reporter-output>
        </test-method> <!-- deleteuser -->
      </class> <!-- api.test.UserTestPropertyFile -->
    </test> <!-- PetTest -->
  </suite> <!-- PetSuite -->
</testng-results>
