<?xml version="1.0" encoding="UTF-8"?>
<!-- Generated by org.testng.reporters.JUnitXMLReporter -->
<testsuite ignored="0" hostname="IBM-PF3BSSR6" failures="0" tests="4" name="PetTest" time="8.105" errors="0" timestamp="2023-12-18T14:35:43 IST">
  <testcase classname="api.test.UserTestPropertyFile" name="createuser" time="3.003"/>
  <testcase classname="api.test.UserTestPropertyFile" name="getuser" time="1.208"/>
  <testcase classname="api.test.UserTestPropertyFile" name="updateuser" time="2.363"/>
  <testcase classname="api.test.UserTestPropertyFile" name="deleteuser" time="1.147"/>
</testsuite> <!-- PetTest -->
