<?xml version="1.0" encoding="UTF-8"?>
<!-- Generated by org.testng.reporters.JUnitXMLReporter -->
<testsuite ignored="0" hostname="IBM-PF3BSSR6" failures="0" tests="4" name="PetTest" time="10.958" errors="0" timestamp="2023-12-18T12:46:51 IST">
  <testcase classname="api.test.UserTestPropertyFile" name="createuser" time="4.086"/>
  <testcase classname="api.test.UserTestPropertyFile" name="getuser" time="1.345"/>
  <testcase classname="api.test.UserTestPropertyFile" name="updateuser" time="2.503"/>
  <testcase classname="api.test.UserTestPropertyFile" name="deleteuser" time="2.315"/>
</testsuite> <!-- PetTest -->
